
> xudb.cn@0.0.1 start /www/www
> nodemon lib/index.js --exec babel-node --presets es2015,stage-2

[33m[nodemon] 1.19.1[39m
[33m[nodemon] to restart at any time, enter `rs`[39m
[33m[nodemon] watching: *.*[39m
[32m[nodemon] starting `babel-node lib/index.js --presets es2015,stage-2`[39m
events.js:160
      throw er; // Unhandled 'error' event
      ^

Error: EBADF: bad file descriptor, read
    at Error (native)

npm ERR! Linux 3.10.0-693.2.2.el7.x86_64
npm ERR! argv "/usr/bin/node" "/bin/npm" "start"
npm ERR! node v6.16.0
npm ERR! npm  v3.10.10
npm ERR! code ELIFECYCLE
npm ERR! xudb.cn@0.0.1 start: `nodemon lib/index.js --exec babel-node --presets es2015,stage-2`
npm ERR! Exit status 1
npm ERR! 
npm ERR! Failed at the xudb.cn@0.0.1 start script 'nodemon lib/index.js --exec babel-node --presets es2015,stage-2'.
npm ERR! Make sure you have the latest version of node.js and npm installed.
npm ERR! If you do, this is most likely a problem with the xudb.cn package,
npm ERR! not with npm itself.
npm ERR! Tell the author that this fails on your system:
npm ERR!     nodemon lib/index.js --exec babel-node --presets es2015,stage-2
npm ERR! You can get information on how to open an issue for this project with:
npm ERR!     npm bugs xudb.cn
npm ERR! Or if that isn't available, you can get their info via:
npm ERR!     npm owner ls xudb.cn
npm ERR! There is likely additional logging output above.

npm ERR! Please include the following file with any support request:
npm ERR!     /www/www/npm-debug.log

> xudb.cn@0.0.1 start /www/www
> nodemon lib/index.js --exec babel-node --presets es2015,stage-2

[33m[nodemon] 1.19.1[39m
[33m[nodemon] to restart at any time, enter `rs`[39m
[33m[nodemon] watching: *.*[39m
[32m[nodemon] starting `babel-node lib/index.js --presets es2015,stage-2`[39m
events.js:160
      throw er; // Unhandled 'error' event
      ^

Error: EBADF: bad file descriptor, read
    at Error (native)

npm ERR! Linux 3.10.0-693.2.2.el7.x86_64
npm ERR! argv "/usr/bin/node" "/bin/npm" "start"
npm ERR! node v6.16.0
npm ERR! npm  v3.10.10
npm ERR! code ELIFECYCLE
npm ERR! xudb.cn@0.0.1 start: `nodemon lib/index.js --exec babel-node --presets es2015,stage-2`
npm ERR! Exit status 1
npm ERR! 
npm ERR! Failed at the xudb.cn@0.0.1 start script 'nodemon lib/index.js --exec babel-node --presets es2015,stage-2'.
npm ERR! Make sure you have the latest version of node.js and npm installed.
npm ERR! If you do, this is most likely a problem with the xudb.cn package,
npm ERR! not with npm itself.
npm ERR! Tell the author that this fails on your system:
npm ERR!     nodemon lib/index.js --exec babel-node --presets es2015,stage-2
npm ERR! You can get information on how to open an issue for this project with:
npm ERR!     npm bugs xudb.cn
npm ERR! Or if that isn't available, you can get their info via:
npm ERR!     npm owner ls xudb.cn
npm ERR! There is likely additional logging output above.

npm ERR! Please include the following file with any support request:
npm ERR!     /www/www/npm-debug.log

> xudb.cn@0.0.1 start /www/www
> nodemon lib/index.js --exec babel-node --presets es2015,stage-2

[33m[nodemon] 1.19.1[39m
[33m[nodemon] to restart at any time, enter `rs`[39m
[33m[nodemon] watching: *.*[39m
[32m[nodemon] starting `babel-node lib/index.js --presets es2015,stage-2`[39m
events.js:160
      throw er; // Unhandled 'error' event
      ^

Error: EBADF: bad file descriptor, read
    at Error (native)

npm ERR! Linux 3.10.0-693.2.2.el7.x86_64
npm ERR! argv "/usr/bin/node" "/bin/npm" "start"
npm ERR! node v6.16.0
npm ERR! npm  v3.10.10
npm ERR! code ELIFECYCLE
npm ERR! xudb.cn@0.0.1 start: `nodemon lib/index.js --exec babel-node --presets es2015,stage-2`
npm ERR! Exit status 1
npm ERR! 
npm ERR! Failed at the xudb.cn@0.0.1 start script 'nodemon lib/index.js --exec babel-node --presets es2015,stage-2'.
npm ERR! Make sure you have the latest version of node.js and npm installed.
npm ERR! If you do, this is most likely a problem with the xudb.cn package,
npm ERR! not with npm itself.
npm ERR! Tell the author that this fails on your system:
npm ERR!     nodemon lib/index.js --exec babel-node --presets es2015,stage-2
npm ERR! You can get information on how to open an issue for this project with:
npm ERR!     npm bugs xudb.cn
npm ERR! Or if that isn't available, you can get their info via:
npm ERR!     npm owner ls xudb.cn
npm ERR! There is likely additional logging output above.

npm ERR! Please include the following file with any support request:
npm ERR!     /www/www/npm-debug.log

> xudb.cn@0.0.1 start /www/www
> nodemon lib/index.js --exec babel-node --presets es2015,stage-2

[33m[nodemon] 1.19.1[39m
[33m[nodemon] to restart at any time, enter `rs`[39m
[33m[nodemon] watching: *.*[39m
[32m[nodemon] starting `babel-node lib/index.js --presets es2015,stage-2`[39m
events.js:160
      throw er; // Unhandled 'error' event
      ^

Error: EBADF: bad file descriptor, read
    at Error (native)

npm ERR! Linux 3.10.0-693.2.2.el7.x86_64
npm ERR! argv "/usr/bin/node" "/bin/npm" "start"
npm ERR! node v6.16.0
npm ERR! npm  v3.10.10
npm ERR! code ELIFECYCLE
npm ERR! xudb.cn@0.0.1 start: `nodemon lib/index.js --exec babel-node --presets es2015,stage-2`
npm ERR! Exit status 1
npm ERR! 
npm ERR! Failed at the xudb.cn@0.0.1 start script 'nodemon lib/index.js --exec babel-node --presets es2015,stage-2'.
npm ERR! Make sure you have the latest version of node.js and npm installed.
npm ERR! If you do, this is most likely a problem with the xudb.cn package,
npm ERR! not with npm itself.
npm ERR! Tell the author that this fails on your system:
npm ERR!     nodemon lib/index.js --exec babel-node --presets es2015,stage-2
npm ERR! You can get information on how to open an issue for this project with:
npm ERR!     npm bugs xudb.cn
npm ERR! Or if that isn't available, you can get their info via:
npm ERR!     npm owner ls xudb.cn
npm ERR! There is likely additional logging output above.

npm ERR! Please include the following file with any support request:
npm ERR!     /www/www/npm-debug.log

> xudb.cn@0.0.1 start /www/www
> nodemon lib/index.js --exec babel-node --presets es2015,stage-2

[33m[nodemon] 1.19.1[39m
[33m[nodemon] to restart at any time, enter `rs`[39m
[33m[nodemon] watching: *.*[39m
[32m[nodemon] starting `babel-node lib/index.js --presets es2015,stage-2`[39m
events.js:160
      throw er; // Unhandled 'error' event
      ^

Error: EBADF: bad file descriptor, read
    at Error (native)

npm ERR! Linux 3.10.0-693.2.2.el7.x86_64
npm ERR! argv "/usr/bin/node" "/bin/npm" "start"
npm ERR! node v6.16.0
npm ERR! npm  v3.10.10
npm ERR! code ELIFECYCLE
npm ERR! xudb.cn@0.0.1 start: `nodemon lib/index.js --exec babel-node --presets es2015,stage-2`
npm ERR! Exit status 1
npm ERR! 
npm ERR! Failed at the xudb.cn@0.0.1 start script 'nodemon lib/index.js --exec babel-node --presets es2015,stage-2'.
npm ERR! Make sure you have the latest version of node.js and npm installed.
npm ERR! If you do, this is most likely a problem with the xudb.cn package,
npm ERR! not with npm itself.
npm ERR! Tell the author that this fails on your system:
npm ERR!     nodemon lib/index.js --exec babel-node --presets es2015,stage-2
npm ERR! You can get information on how to open an issue for this project with:
npm ERR!     npm bugs xudb.cn
npm ERR! Or if that isn't available, you can get their info via:
npm ERR!     npm owner ls xudb.cn
npm ERR! There is likely additional logging output above.

npm ERR! Please include the following file with any support request:
npm ERR!     /www/www/npm-debug.log

> xudb.cn@0.0.1 start /www/www
> nodemon lib/index.js --exec babel-node --presets es2015,stage-2

[33m[nodemon] 1.19.1[39m
[33m[nodemon] to restart at any time, enter `rs`[39m
[33m[nodemon] watching: *.*[39m
[32m[nodemon] starting `babel-node lib/index.js --presets es2015,stage-2`[39m
events.js:160
      throw er; // Unhandled 'error' event
      ^

Error: EBADF: bad file descriptor, read
    at Error (native)

npm ERR! Linux 3.10.0-693.2.2.el7.x86_64
npm ERR! argv "/usr/bin/node" "/bin/npm" "start"
npm ERR! node v6.16.0
npm ERR! npm  v3.10.10
npm ERR! code ELIFECYCLE
npm ERR! xudb.cn@0.0.1 start: `nodemon lib/index.js --exec babel-node --presets es2015,stage-2`
npm ERR! Exit status 1
npm ERR! 
npm ERR! Failed at the xudb.cn@0.0.1 start script 'nodemon lib/index.js --exec babel-node --presets es2015,stage-2'.
npm ERR! Make sure you have the latest version of node.js and npm installed.
npm ERR! If you do, this is most likely a problem with the xudb.cn package,
npm ERR! not with npm itself.
npm ERR! Tell the author that this fails on your system:
npm ERR!     nodemon lib/index.js --exec babel-node --presets es2015,stage-2
npm ERR! You can get information on how to open an issue for this project with:
npm ERR!     npm bugs xudb.cn
npm ERR! Or if that isn't available, you can get their info via:
npm ERR!     npm owner ls xudb.cn
npm ERR! There is likely additional logging output above.

npm ERR! Please include the following file with any support request:
npm ERR!     /www/www/npm-debug.log

> xudb.cn@0.0.1 start /www/www
> nodemon lib/index.js --exec babel-node --presets es2015,stage-2

[33m[nodemon] 1.19.1[39m
[33m[nodemon] to restart at any time, enter `rs`[39m
[33m[nodemon] watching: *.*[39m
[32m[nodemon] starting `babel-node lib/index.js --presets es2015,stage-2`[39m
events.js:160
      throw er; // Unhandled 'error' event
      ^

Error: EBADF: bad file descriptor, read
    at Error (native)

npm ERR! Linux 3.10.0-693.2.2.el7.x86_64
npm ERR! argv "/usr/bin/node" "/bin/npm" "start"
npm ERR! node v6.16.0
npm ERR! npm  v3.10.10
npm ERR! code ELIFECYCLE
npm ERR! xudb.cn@0.0.1 start: `nodemon lib/index.js --exec babel-node --presets es2015,stage-2`
npm ERR! Exit status 1
npm ERR! 
npm ERR! Failed at the xudb.cn@0.0.1 start script 'nodemon lib/index.js --exec babel-node --presets es2015,stage-2'.
npm ERR! Make sure you have the latest version of node.js and npm installed.
npm ERR! If you do, this is most likely a problem with the xudb.cn package,
npm ERR! not with npm itself.
npm ERR! Tell the author that this fails on your system:
npm ERR!     nodemon lib/index.js --exec babel-node --presets es2015,stage-2
npm ERR! You can get information on how to open an issue for this project with:
npm ERR!     npm bugs xudb.cn
npm ERR! Or if that isn't available, you can get their info via:
npm ERR!     npm owner ls xudb.cn
npm ERR! There is likely additional logging output above.

npm ERR! Please include the following file with any support request:
npm ERR!     /www/www/npm-debug.log

> xudb.cn@0.0.1 start /www/www
> nodemon lib/index.js --exec babel-node --presets es2015,stage-2

[33m[nodemon] 1.19.1[39m
[33m[nodemon] to restart at any time, enter `rs`[39m
[33m[nodemon] watching: *.*[39m
[32m[nodemon] starting `babel-node lib/index.js --presets es2015,stage-2`[39m
events.js:160
      throw er; // Unhandled 'error' event
      ^

Error: EBADF: bad file descriptor, read
    at Error (native)

npm ERR! Linux 3.10.0-693.2.2.el7.x86_64
npm ERR! argv "/usr/bin/node" "/bin/npm" "start"
npm ERR! node v6.16.0
npm ERR! npm  v3.10.10
npm ERR! code ELIFECYCLE
npm ERR! xudb.cn@0.0.1 start: `nodemon lib/index.js --exec babel-node --presets es2015,stage-2`
npm ERR! Exit status 1
npm ERR! 
npm ERR! Failed at the xudb.cn@0.0.1 start script 'nodemon lib/index.js --exec babel-node --presets es2015,stage-2'.
npm ERR! Make sure you have the latest version of node.js and npm installed.
npm ERR! If you do, this is most likely a problem with the xudb.cn package,
npm ERR! not with npm itself.
npm ERR! Tell the author that this fails on your system:
npm ERR!     nodemon lib/index.js --exec babel-node --presets es2015,stage-2
npm ERR! You can get information on how to open an issue for this project with:
npm ERR!     npm bugs xudb.cn
npm ERR! Or if that isn't available, you can get their info via:
npm ERR!     npm owner ls xudb.cn
npm ERR! There is likely additional logging output above.

npm ERR! Please include the following file with any support request:
npm ERR!     /www/www/npm-debug.log

> xudb.cn@0.0.1 start /www/www
> nodemon lib/index.js --exec babel-node --presets es2015,stage-2

[33m[nodemon] 1.19.1[39m
[33m[nodemon] to restart at any time, enter `rs`[39m
[33m[nodemon] watching: *.*[39m
[32m[nodemon] starting `babel-node lib/index.js --presets es2015,stage-2`[39m
events.js:160
      throw er; // Unhandled 'error' event
      ^

Error: EBADF: bad file descriptor, read
    at Error (native)

npm ERR! Linux 3.10.0-693.2.2.el7.x86_64
npm ERR! argv "/usr/bin/node" "/bin/npm" "start"
npm ERR! node v6.16.0
npm ERR! npm  v3.10.10
npm ERR! code ELIFECYCLE
npm ERR! xudb.cn@0.0.1 start: `nodemon lib/index.js --exec babel-node --presets es2015,stage-2`
npm ERR! Exit status 1
npm ERR! 
npm ERR! Failed at the xudb.cn@0.0.1 start script 'nodemon lib/index.js --exec babel-node --presets es2015,stage-2'.
npm ERR! Make sure you have the latest version of node.js and npm installed.
npm ERR! If you do, this is most likely a problem with the xudb.cn package,
npm ERR! not with npm itself.
npm ERR! Tell the author that this fails on your system:
npm ERR!     nodemon lib/index.js --exec babel-node --presets es2015,stage-2
npm ERR! You can get information on how to open an issue for this project with:
npm ERR!     npm bugs xudb.cn
npm ERR! Or if that isn't available, you can get their info via:
npm ERR!     npm owner ls xudb.cn
npm ERR! There is likely additional logging output above.

npm ERR! Please include the following file with any support request:
npm ERR!     /www/www/npm-debug.log

> xudb.cn@0.0.1 start /www/www
> nodemon lib/index.js --exec babel-node --presets es2015,stage-2

[33m[nodemon] 1.19.1[39m
[33m[nodemon] to restart at any time, enter `rs`[39m
[33m[nodemon] watching: *.*[39m
[32m[nodemon] starting `babel-node lib/index.js --presets es2015,stage-2`[39m
events.js:160
      throw er; // Unhandled 'error' event
      ^

Error: EBADF: bad file descriptor, read
    at Error (native)

npm ERR! Linux 3.10.0-693.2.2.el7.x86_64
npm ERR! argv "/usr/bin/node" "/bin/npm" "start"
npm ERR! node v6.16.0
npm ERR! npm  v3.10.10
npm ERR! code ELIFECYCLE
npm ERR! xudb.cn@0.0.1 start: `nodemon lib/index.js --exec babel-node --presets es2015,stage-2`
npm ERR! Exit status 1
npm ERR! 
npm ERR! Failed at the xudb.cn@0.0.1 start script 'nodemon lib/index.js --exec babel-node --presets es2015,stage-2'.
npm ERR! Make sure you have the latest version of node.js and npm installed.
npm ERR! If you do, this is most likely a problem with the xudb.cn package,
npm ERR! not with npm itself.
npm ERR! Tell the author that this fails on your system:
npm ERR!     nodemon lib/index.js --exec babel-node --presets es2015,stage-2
npm ERR! You can get information on how to open an issue for this project with:
npm ERR!     npm bugs xudb.cn
npm ERR! Or if that isn't available, you can get their info via:
npm ERR!     npm owner ls xudb.cn
npm ERR! There is likely additional logging output above.

npm ERR! Please include the following file with any support request:
npm ERR!     /www/www/npm-debug.log

> xudb.cn@0.0.1 start /www/www
> nodemon lib/index.js --exec babel-node --presets es2015,stage-2

[33m[nodemon] 1.19.1[39m
[33m[nodemon] to restart at any time, enter `rs`[39m
[33m[nodemon] watching: *.*[39m
[32m[nodemon] starting `babel-node lib/index.js --presets es2015,stage-2`[39m
events.js:160
      throw er; // Unhandled 'error' event
      ^

Error: EBADF: bad file descriptor, read
    at Error (native)

npm ERR! Linux 3.10.0-693.2.2.el7.x86_64
npm ERR! argv "/usr/bin/node" "/bin/npm" "start"
npm ERR! node v6.16.0
npm ERR! npm  v3.10.10
npm ERR! code ELIFECYCLE
npm ERR! xudb.cn@0.0.1 start: `nodemon lib/index.js --exec babel-node --presets es2015,stage-2`
npm ERR! Exit status 1
npm ERR! 
npm ERR! Failed at the xudb.cn@0.0.1 start script 'nodemon lib/index.js --exec babel-node --presets es2015,stage-2'.
npm ERR! Make sure you have the latest version of node.js and npm installed.
npm ERR! If you do, this is most likely a problem with the xudb.cn package,
npm ERR! not with npm itself.
npm ERR! Tell the author that this fails on your system:
npm ERR!     nodemon lib/index.js --exec babel-node --presets es2015,stage-2
npm ERR! You can get information on how to open an issue for this project with:
npm ERR!     npm bugs xudb.cn
npm ERR! Or if that isn't available, you can get their info via:
npm ERR!     npm owner ls xudb.cn
npm ERR! There is likely additional logging output above.

npm ERR! Please include the following file with any support request:
npm ERR!     /www/www/npm-debug.log
/www/www/model/user.js:1
(function (exports, require, module, __filename, __dirname) { import moment from 'moment'
                                                              ^^^^^^

SyntaxError: Unexpected token import
    at createScript (vm.js:56:10)
    at Object.runInThisContext (vm.js:97:10)
    at Module._compile (module.js:549:28)
    at Object.Module._extensions..js (module.js:586:10)
    at Module.load (module.js:494:32)
    at tryModuleLoad (module.js:453:12)
    at Function.Module._load (module.js:445:3)
    at Module.require (module.js:504:17)
    at require (internal/module.js:20:19)
    at Object.<anonymous> (/www/www/router/user.js:6:14)
module.js:478
    throw err;
    ^

Error: Cannot find module '/www/www/start'
    at Function.Module._resolveFilename (module.js:476:15)
    at Function.Module._load (module.js:424:25)
    at Module.runMain (module.js:611:10)
    at run (bootstrap_node.js:394:7)
    at startup (bootstrap_node.js:160:9)
    at bootstrap_node.js:507:3
